<?xml version="1.0" encoding="UTF-8"?>
<testng-results ignored="0" total="1" passed="1" failed="0" skipped="0">
  <reporter-output>
  </reporter-output>
  <suite started-at="2023-01-30T14:31:26 IST" name="Default suite" finished-at="2023-01-30T14:31:29 IST" duration-ms="3443">
    <groups>
    </groups>
    <test started-at="2023-01-30T14:31:26 IST" name="Default test" finished-at="2023-01-30T14:31:29 IST" duration-ms="3443">
      <class name="pages.login1">
        <test-method is-config="true" signature="setup()[pri:0, instance:pages.login1@2c35e847]" started-at="2023-01-30T14:31:26 IST" name="setup" finished-at="2023-01-30T14:31:28 IST" duration-ms="2088" status="PASS">
          <reporter-output>
          </reporter-output>
        </test-method> <!-- setup -->
        <test-method is-config="true" signature="url()[pri:0, instance:pages.login1@2c35e847]" started-at="2023-01-30T14:31:28 IST" name="url" finished-at="2023-01-30T14:31:29 IST" duration-ms="1060" status="PASS">
          <reporter-output>
          </reporter-output>
        </test-method> <!-- url -->
        <test-method signature="test()[pri:0, instance:pages.login1@2c35e847]" started-at="2023-01-30T14:31:29 IST" name="test" finished-at="2023-01-30T14:31:29 IST" duration-ms="267" status="PASS">
          <reporter-output>
          </reporter-output>
        </test-method> <!-- test -->
      </class> <!-- pages.login1 -->
    </test> <!-- Default test -->
  </suite> <!-- Default suite -->
</testng-results>
